[NotebookApp | WARNING] No nbgrader_config.py file found (rerun with --debug to see where nbgrader is looking)
[NotebookApp | INFO] Loading the validate_assignment nbgrader serverextension
[NotebookApp | INFO] Serving notebooks from local directory: /Users/yoavfreund/academic.papers/Courses/DSE200/DSE200-notebooks/day_3_models_and_learning
[NotebookApp | INFO] 0 active kernels 
[NotebookApp | INFO] The Jupyter Notebook is running at: http://localhost:8888/?token=b5fe8f16fedeefbfe5a8d87ad03a92bbd06624ffcb3fcbf8
[NotebookApp | INFO] Use Control-C to stop this server and shut down all kernels (twice to skip confirmation).
[NotebookApp | CRITICAL] 
    
    Copy/paste this URL into your browser when you connect for the first time,
    to login with a token:
        http://localhost:8888/?token=b5fe8f16fedeefbfe5a8d87ad03a92bbd06624ffcb3fcbf8
[NotebookApp | INFO] Accepting one-time-token-authenticated connection from ::1
[NotebookApp | WARNING] 404 GET /static/custom/dc.css (::1) 16.01ms referer=http://localhost:8888/tree?token=3ac72a905f1f1a1e6a21d2c403609a749ffbf46bc680044e
[NotebookApp | WARNING] 404 GET /static/custom/jquery.handsontable.full.js?v=20171026200244 (::1) 1.76ms referer=http://localhost:8888/tree
[NotebookApp | WARNING] 404 GET /static/custom/dc.js?v=20171026200244 (::1) 1.60ms referer=http://localhost:8888/tree
[NotebookApp | WARNING] 404 GET /static/custom/crossfilter.js?v=20171026200244 (::1) 1.87ms referer=http://localhost:8888/tree
[NotebookApp | WARNING] 404 GET /static/custom/d3.js?v=20171026200244 (::1) 2.30ms referer=http://localhost:8888/tree
[NotebookApp | WARNING] 404 GET /clusters?_=1509073366795 (::1) 1.97ms referer=http://localhost:8888/tree
[NotebookApp | WARNING] 404 GET /static/custom/dc.css (::1) 2.19ms referer=http://localhost:8888/notebooks/02_Weather%20Analysis.ipynb
[NotebookApp | WARNING] Notebook 02_Weather Analysis.ipynb is not trusted
[NotebookApp | WARNING] 404 GET /nbextensions/nbpresent/js/nbpresent.min.js?v=20171026200244 (::1) 2.29ms referer=http://localhost:8888/notebooks/02_Weather%20Analysis.ipynb
[NotebookApp | WARNING] 404 GET /nbextensions/nb_anacondacloud/main.js?v=20171026200244 (::1) 2.14ms referer=http://localhost:8888/notebooks/02_Weather%20Analysis.ipynb
[NotebookApp | WARNING] 404 GET /nbextensions/nb_conda/main.js?v=20171026200244 (::1) 1.88ms referer=http://localhost:8888/notebooks/02_Weather%20Analysis.ipynb
[NotebookApp | WARNING] 404 GET /static/custom/jquery.handsontable.full.js?v=20171026200244 (::1) 1.52ms referer=http://localhost:8888/notebooks/02_Weather%20Analysis.ipynb
[NotebookApp | WARNING] 404 GET /static/custom/crossfilter.js?v=20171026200244 (::1) 1.53ms referer=http://localhost:8888/notebooks/02_Weather%20Analysis.ipynb
[NotebookApp | WARNING] 404 GET /static/custom/d3.js?v=20171026200244 (::1) 1.63ms referer=http://localhost:8888/notebooks/02_Weather%20Analysis.ipynb
[NotebookApp | WARNING] 404 GET /static/custom/dc.js?v=20171026200244 (::1) 1.71ms referer=http://localhost:8888/notebooks/02_Weather%20Analysis.ipynb
[NotebookApp | WARNING] 404 GET /nbextensions/widgets/notebook/js/extension.js?v=20171026200244 (::1) 1.74ms referer=http://localhost:8888/notebooks/02_Weather%20Analysis.ipynb
[NotebookApp | INFO] Kernel started: 6c5a3835-66e4-4dad-b785-298a7d8dad09
[NotebookApp | INFO] Kernel interrupted: 6c5a3835-66e4-4dad-b785-298a7d8dad09
[NotebookApp | INFO] Saving file at /02_Weather Analysis.ipynb
[NotebookApp | WARNING] Saving untrusted notebook 02_Weather Analysis.ipynb
[NotebookApp | INFO] New terminal with automatic name: 1
[NotebookApp | WARNING] 404 GET /static/custom/dc.css (::1) 1.64ms referer=http://localhost:8888/terminals/1
[NotebookApp | WARNING] 404 GET /static/custom/jquery.handsontable.full.js?v=20171026200244 (::1) 2.16ms referer=http://localhost:8888/terminals/1
[NotebookApp | WARNING] 404 GET /static/custom/crossfilter.js?v=20171026200244 (::1) 1.96ms referer=http://localhost:8888/terminals/1
[NotebookApp | WARNING] 404 GET /static/custom/dc.js?v=20171026200244 (::1) 1.87ms referer=http://localhost:8888/terminals/1
[NotebookApp | WARNING] 404 GET /static/custom/d3.js?v=20171026200244 (::1) 1.95ms referer=http://localhost:8888/terminals/1
[NotebookApp | WARNING] 404 GET /static/jupyter-leaflet.js?v=20171026200244 (::1) 2.66ms referer=http://localhost:8888/notebooks/02_Weather%20Analysis.ipynb
[NotebookApp | INFO] Saving file at /02_Weather Analysis.ipynb
[NotebookApp | WARNING] Saving untrusted notebook 02_Weather Analysis.ipynb
[NotebookApp | INFO] Kernel restarted: 6c5a3835-66e4-4dad-b785-298a7d8dad09
[NotebookApp | INFO] Saving file at /02_Weather Analysis.ipynb
[NotebookApp | WARNING] Saving untrusted notebook 02_Weather Analysis.ipynb
[NotebookApp | INFO] Kernel restarted: 6c5a3835-66e4-4dad-b785-298a7d8dad09
[NotebookApp | INFO] Saving file at /02_Weather Analysis.ipynb
[NotebookApp | WARNING] IOPub data rate exceeded.
    The notebook server will temporarily stop sending output
    to the client in order to avoid crashing it.
    To change this limit, set the config variable
    `--NotebookApp.iopub_data_rate_limit`.
[NotebookApp | INFO] Saving file at /02_Weather Analysis.ipynb
[NotebookApp | INFO] Creating new notebook in 
[NotebookApp | WARNING] 404 GET /static/custom/dc.css (::1) 1.75ms referer=http://localhost:8888/notebooks/Untitled.ipynb?kernel_name=python2
[NotebookApp | INFO] Kernel started: 333f9267-67e3-4636-90bf-04b4f52f4582
[NotebookApp | WARNING] 404 GET /nbextensions/nbpresent/js/nbpresent.min.js?v=20171026200244 (::1) 3.77ms referer=http://localhost:8888/notebooks/Untitled.ipynb?kernel_name=python2
[NotebookApp | WARNING] 404 GET /nbextensions/nb_conda/main.js?v=20171026200244 (::1) 3.81ms referer=http://localhost:8888/notebooks/Untitled.ipynb?kernel_name=python2
[NotebookApp | WARNING] 404 GET /nbextensions/nb_anacondacloud/main.js?v=20171026200244 (::1) 3.09ms referer=http://localhost:8888/notebooks/Untitled.ipynb?kernel_name=python2
[NotebookApp | WARNING] 404 GET /static/custom/jquery.handsontable.full.js?v=20171026200244 (::1) 1.79ms referer=http://localhost:8888/notebooks/Untitled.ipynb?kernel_name=python2
[NotebookApp | WARNING] 404 GET /static/custom/crossfilter.js?v=20171026200244 (::1) 2.50ms referer=http://localhost:8888/notebooks/Untitled.ipynb?kernel_name=python2
[NotebookApp | WARNING] 404 GET /static/custom/d3.js?v=20171026200244 (::1) 2.05ms referer=http://localhost:8888/notebooks/Untitled.ipynb?kernel_name=python2
[NotebookApp | WARNING] 404 GET /static/custom/dc.js?v=20171026200244 (::1) 2.97ms referer=http://localhost:8888/notebooks/Untitled.ipynb?kernel_name=python2
[NotebookApp | WARNING] 404 GET /nbextensions/widgets/notebook/js/extension.js?v=20171026200244 (::1) 1.74ms referer=http://localhost:8888/notebooks/Untitled.ipynb?kernel_name=python2
[NotebookApp | INFO] Saving file at /New packages.ipynb
[NotebookApp | INFO] Saving file at /New packages.ipynb
[NotebookApp | INFO] Saving file at /New packages.ipynb
[NotebookApp | INFO] Saving file at /New packages.ipynb
[NotebookApp | INFO] Saving file at /New packages.ipynb
[NotebookApp | WARNING] 404 GET /static/custom/dc.css (::1) 1.78ms referer=http://localhost:8888/tree/linalg
[NotebookApp | WARNING] 404 GET /static/custom/jquery.handsontable.full.js?v=20171026200244 (::1) 1.67ms referer=http://localhost:8888/tree/linalg
[NotebookApp | WARNING] 404 GET /static/custom/crossfilter.js?v=20171026200244 (::1) 1.65ms referer=http://localhost:8888/tree/linalg
[NotebookApp | WARNING] 404 GET /static/custom/dc.js?v=20171026200244 (::1) 1.71ms referer=http://localhost:8888/tree/linalg
[NotebookApp | WARNING] 404 GET /static/custom/d3.js?v=20171026200244 (::1) 2.12ms referer=http://localhost:8888/tree/linalg
[NotebookApp | WARNING] 404 GET /clusters?_=1509076859813 (::1) 1.63ms referer=http://localhost:8888/tree/linalg
[NotebookApp | WARNING] 404 GET /favicon.ico (::1) 1.77ms referer=http://localhost:8888/view/linalg/linalg.pdf
[NotebookApp | WARNING] 404 GET /static/custom/dc.css (::1) 1.97ms referer=http://localhost:8888/tree
[NotebookApp | WARNING] 404 GET /static/custom/jquery.handsontable.full.js?v=20171026200244 (::1) 2.20ms referer=http://localhost:8888/tree
[NotebookApp | WARNING] 404 GET /static/custom/dc.js?v=20171026200244 (::1) 1.74ms referer=http://localhost:8888/tree
[NotebookApp | WARNING] 404 GET /static/custom/crossfilter.js?v=20171026200244 (::1) 1.72ms referer=http://localhost:8888/tree
[NotebookApp | WARNING] 404 GET /static/custom/d3.js?v=20171026200244 (::1) 1.48ms referer=http://localhost:8888/tree
[NotebookApp | WARNING] 404 GET /clusters?_=1509076894683 (::1) 1.76ms referer=http://localhost:8888/tree
[NotebookApp | INFO] Kernel shutdown: 6c5a3835-66e4-4dad-b785-298a7d8dad09
[NotebookApp | INFO] Kernel shutdown: 333f9267-67e3-4636-90bf-04b4f52f4582
[NotebookApp | CRITICAL] received signal 15, stopping
[NotebookApp | INFO] Shutting down kernels
[NotebookApp | WARNING] No nbgrader_config.py file found (rerun with --debug to see where nbgrader is looking)
[NotebookApp | INFO] Loading the validate_assignment nbgrader serverextension
[NotebookApp | INFO] Serving notebooks from local directory: /Users/yoavfreund/academic.papers/Courses/DSE200/DSE200-notebooks/day_3_models_and_learning
[NotebookApp | INFO] 0 active kernels 
[NotebookApp | INFO] The Jupyter Notebook is running at: http://localhost:8888/?token=e3a274774bef80993b593b29fece6f2b97df6339380d4f90
[NotebookApp | INFO] Use Control-C to stop this server and shut down all kernels (twice to skip confirmation).
[NotebookApp | CRITICAL] 
    
    Copy/paste this URL into your browser when you connect for the first time,
    to login with a token:
        http://localhost:8888/?token=e3a274774bef80993b593b29fece6f2b97df6339380d4f90
[NotebookApp | INFO] Accepting one-time-token-authenticated connection from ::1
[NotebookApp | WARNING] 404 GET /static/custom/dc.css (::1) 13.24ms referer=http://localhost:8888/tree?token=17532230d5149329456070a21e7f65d65f41ed25d24c391a
[NotebookApp | WARNING] 404 GET /static/custom/jquery.handsontable.full.js?v=20171026210232 (::1) 2.53ms referer=http://localhost:8888/tree
[NotebookApp | WARNING] 404 GET /static/custom/dc.js?v=20171026210232 (::1) 1.88ms referer=http://localhost:8888/tree
[NotebookApp | WARNING] 404 GET /static/custom/crossfilter.js?v=20171026210232 (::1) 1.88ms referer=http://localhost:8888/tree
[NotebookApp | WARNING] 404 GET /static/custom/d3.js?v=20171026210232 (::1) 1.87ms referer=http://localhost:8888/tree
[NotebookApp | WARNING] 404 GET /clusters?_=1509076954437 (::1) 1.61ms referer=http://localhost:8888/tree
[NotebookApp | WARNING] 404 GET /static/custom/dc.css (::1) 1.67ms referer=http://localhost:8888/notebooks/02_Weather%20Analysis.ipynb
[NotebookApp | WARNING] Notebook 02_Weather Analysis.ipynb is not trusted
[NotebookApp | WARNING] 404 GET /nbextensions/nb_anacondacloud/main.js?v=20171026210232 (::1) 2.73ms referer=http://localhost:8888/notebooks/02_Weather%20Analysis.ipynb
[NotebookApp | WARNING] 404 GET /nbextensions/nbpresent/js/nbpresent.min.js?v=20171026210232 (::1) 1.92ms referer=http://localhost:8888/notebooks/02_Weather%20Analysis.ipynb
[NotebookApp | WARNING] 404 GET /nbextensions/nb_conda/main.js?v=20171026210232 (::1) 2.47ms referer=http://localhost:8888/notebooks/02_Weather%20Analysis.ipynb
[NotebookApp | WARNING] 404 GET /static/custom/jquery.handsontable.full.js?v=20171026210232 (::1) 2.49ms referer=http://localhost:8888/notebooks/02_Weather%20Analysis.ipynb
[NotebookApp | WARNING] 404 GET /static/custom/crossfilter.js?v=20171026210232 (::1) 1.64ms referer=http://localhost:8888/notebooks/02_Weather%20Analysis.ipynb
[NotebookApp | WARNING] 404 GET /static/custom/d3.js?v=20171026210232 (::1) 1.46ms referer=http://localhost:8888/notebooks/02_Weather%20Analysis.ipynb
[NotebookApp | WARNING] 404 GET /static/custom/dc.js?v=20171026210232 (::1) 1.94ms referer=http://localhost:8888/notebooks/02_Weather%20Analysis.ipynb
[NotebookApp | WARNING] 404 GET /nbextensions/widgets/notebook/js/extension.js?v=20171026210232 (::1) 2.20ms referer=http://localhost:8888/notebooks/02_Weather%20Analysis.ipynb
[NotebookApp | INFO] Kernel started: cc1cc652-1d94-445b-893a-5cfeab285770
[NotebookApp | WARNING] 404 GET /static/custom/dc.css (::1) 1.95ms referer=http://localhost:8888/notebooks/Decision%20trees.ipynb
[NotebookApp | WARNING] Notebook Decision trees.ipynb is not trusted
[NotebookApp | INFO] Kernel started: 00302d31-ae07-4c23-b05b-15727fe75a90
[NotebookApp | WARNING] 404 GET /nbextensions/nb_conda/main.js?v=20171026210232 (::1) 2.55ms referer=http://localhost:8888/notebooks/Decision%20trees.ipynb
[NotebookApp | WARNING] 404 GET /nbextensions/nbpresent/js/nbpresent.min.js?v=20171026210232 (::1) 3.36ms referer=http://localhost:8888/notebooks/Decision%20trees.ipynb
[NotebookApp | WARNING] 404 GET /nbextensions/nb_anacondacloud/main.js?v=20171026210232 (::1) 3.31ms referer=http://localhost:8888/notebooks/Decision%20trees.ipynb
[NotebookApp | WARNING] 404 GET /static/custom/jquery.handsontable.full.js?v=20171026210232 (::1) 2.89ms referer=http://localhost:8888/notebooks/Decision%20trees.ipynb
[NotebookApp | WARNING] 404 GET /static/custom/crossfilter.js?v=20171026210232 (::1) 2.62ms referer=http://localhost:8888/notebooks/Decision%20trees.ipynb
[NotebookApp | WARNING] 404 GET /static/custom/d3.js?v=20171026210232 (::1) 2.89ms referer=http://localhost:8888/notebooks/Decision%20trees.ipynb
[NotebookApp | WARNING] 404 GET /static/custom/dc.js?v=20171026210232 (::1) 3.62ms referer=http://localhost:8888/notebooks/Decision%20trees.ipynb
[NotebookApp | WARNING] 404 GET /nbextensions/widgets/notebook/js/extension.js?v=20171026210232 (::1) 2.99ms referer=http://localhost:8888/notebooks/Decision%20trees.ipynb
[NotebookApp | WARNING] IOPub data rate exceeded.
    The notebook server will temporarily stop sending output
    to the client in order to avoid crashing it.
    To change this limit, set the config variable
    `--NotebookApp.iopub_data_rate_limit`.
[NotebookApp | INFO] Saving file at /02_Weather Analysis.ipynb
[NotebookApp | WARNING] 404 GET /static/custom/dc.css (::1) 2.25ms referer=http://localhost:8888/notebooks/02_Weather%20Analysis.ipynb
[NotebookApp | WARNING] 404 GET /nbextensions/nb_anacondacloud/main.js?v=20171026210232 (::1) 2.23ms referer=http://localhost:8888/notebooks/02_Weather%20Analysis.ipynb
[NotebookApp | WARNING] 404 GET /nbextensions/nbpresent/js/nbpresent.min.js?v=20171026210232 (::1) 1.84ms referer=http://localhost:8888/notebooks/02_Weather%20Analysis.ipynb
[NotebookApp | WARNING] 404 GET /nbextensions/nb_conda/main.js?v=20171026210232 (::1) 1.82ms referer=http://localhost:8888/notebooks/02_Weather%20Analysis.ipynb
[NotebookApp | WARNING] 404 GET /static/custom/jquery.handsontable.full.js?v=20171026210232 (::1) 1.69ms referer=http://localhost:8888/notebooks/02_Weather%20Analysis.ipynb
[NotebookApp | WARNING] 404 GET /static/custom/d3.js?v=20171026210232 (::1) 2.05ms referer=http://localhost:8888/notebooks/02_Weather%20Analysis.ipynb
[NotebookApp | WARNING] 404 GET /static/custom/crossfilter.js?v=20171026210232 (::1) 1.79ms referer=http://localhost:8888/notebooks/02_Weather%20Analysis.ipynb
[NotebookApp | WARNING] 404 GET /static/custom/dc.js?v=20171026210232 (::1) 1.66ms referer=http://localhost:8888/notebooks/02_Weather%20Analysis.ipynb
[NotebookApp | WARNING] 404 GET /nbextensions/widgets/notebook/js/extension.js?v=20171026210232 (::1) 2.36ms referer=http://localhost:8888/notebooks/02_Weather%20Analysis.ipynb
[NotebookApp | INFO] Saving file at /Decision trees.ipynb
[NotebookApp | INFO] Saving file at /02_Weather Analysis.ipynb
[NotebookApp | INFO] Saving file at /02_Weather Analysis.ipynb
[NotebookApp | INFO] Saving file at /02_Weather Analysis.ipynb
[NotebookApp | INFO] Saving file at /02_Weather Analysis.ipynb
[NotebookApp | INFO] Saving file at /02_Weather Analysis.ipynb
[NotebookApp | WARNING] IOPub data rate exceeded.
    The notebook server will temporarily stop sending output
    to the client in order to avoid crashing it.
    To change this limit, set the config variable
    `--NotebookApp.iopub_data_rate_limit`.
[NotebookApp | WARNING] iopub messages resumed
[NotebookApp | WARNING] IOPub data rate exceeded.
    The notebook server will temporarily stop sending output
    to the client in order to avoid crashing it.
    To change this limit, set the config variable
    `--NotebookApp.iopub_data_rate_limit`.
[NotebookApp | WARNING] iopub messages resumed
[NotebookApp | WARNING] IOPub data rate exceeded.
    The notebook server will temporarily stop sending output
    to the client in order to avoid crashing it.
    To change this limit, set the config variable
    `--NotebookApp.iopub_data_rate_limit`.
[NotebookApp | WARNING] iopub messages resumed
[NotebookApp | WARNING] IOPub data rate exceeded.
    The notebook server will temporarily stop sending output
    to the client in order to avoid crashing it.
    To change this limit, set the config variable
    `--NotebookApp.iopub_data_rate_limit`.
[NotebookApp | WARNING] iopub messages resumed
[NotebookApp | WARNING] IOPub data rate exceeded.
    The notebook server will temporarily stop sending output
    to the client in order to avoid crashing it.
    To change this limit, set the config variable
    `--NotebookApp.iopub_data_rate_limit`.
[NotebookApp | WARNING] iopub messages resumed
[NotebookApp | WARNING] IOPub data rate exceeded.
    The notebook server will temporarily stop sending output
    to the client in order to avoid crashing it.
    To change this limit, set the config variable
    `--NotebookApp.iopub_data_rate_limit`.
[NotebookApp | WARNING] iopub messages resumed
[NotebookApp | WARNING] IOPub data rate exceeded.
    The notebook server will temporarily stop sending output
    to the client in order to avoid crashing it.
    To change this limit, set the config variable
    `--NotebookApp.iopub_data_rate_limit`.
[NotebookApp | INFO] Saving file at /02_Weather Analysis.ipynb
[NotebookApp | INFO] Saving file at /02_Weather Analysis.ipynb
[NotebookApp | INFO] Saving file at /02_Weather Analysis.ipynb
[NotebookApp | INFO] Saving file at /02_Weather Analysis.ipynb
[NotebookApp | INFO] Saving file at /02_Weather Analysis.ipynb
[NotebookApp | INFO] Saving file at /02_Weather Analysis.ipynb
[NotebookApp | INFO] Saving file at /02_Weather Analysis.ipynb
[NotebookApp | INFO] Saving file at /02_Weather Analysis.ipynb
[NotebookApp | INFO] Saving file at /02_Weather Analysis.ipynb
[NotebookApp | INFO] Saving file at /02_Weather Analysis.ipynb
[NotebookApp | WARNING] IOPub data rate exceeded.
    The notebook server will temporarily stop sending output
    to the client in order to avoid crashing it.
    To change this limit, set the config variable
    `--NotebookApp.iopub_data_rate_limit`.
[NotebookApp | INFO] Saving file at /02_Weather Analysis.ipynb
[NotebookApp | INFO] Saving file at /02_Weather Analysis.ipynb
[NotebookApp | CRITICAL] received signal 15, stopping
[NotebookApp | INFO] Shutting down kernels
[NotebookApp | INFO] Kernel shutdown: 00302d31-ae07-4c23-b05b-15727fe75a90
[NotebookApp | INFO] Kernel shutdown: cc1cc652-1d94-445b-893a-5cfeab285770
[NotebookApp | WARNING] No nbgrader_config.py file found (rerun with --debug to see where nbgrader is looking)
[NotebookApp | INFO] Loading the validate_assignment nbgrader serverextension
[NotebookApp | INFO] Serving notebooks from local directory: /Users/yoavfreund/academic.papers/Courses/DSE200/DSE200-notebooks/day_3_models_and_learning
[NotebookApp | INFO] 0 active kernels 
[NotebookApp | INFO] The Jupyter Notebook is running at: http://localhost:8888/?token=f89f4fcde15654bf2c1ee1a43f9b1bac9692e5adc6ad405f
[NotebookApp | INFO] Use Control-C to stop this server and shut down all kernels (twice to skip confirmation).
[NotebookApp | CRITICAL] 
    
    Copy/paste this URL into your browser when you connect for the first time,
    to login with a token:
        http://localhost:8888/?token=f89f4fcde15654bf2c1ee1a43f9b1bac9692e5adc6ad405f
[NotebookApp | INFO] Accepting one-time-token-authenticated connection from ::1
[NotebookApp | WARNING] 404 GET /static/custom/dc.css (::1) 15.13ms referer=http://localhost:8888/tree?token=70ea61eaac68d7d4f0648899932bcba0fffc81f036ab556e
[NotebookApp | WARNING] 404 GET /static/custom/jquery.handsontable.full.js?v=20171026221555 (::1) 2.10ms referer=http://localhost:8888/tree
[NotebookApp | WARNING] 404 GET /static/custom/dc.js?v=20171026221555 (::1) 1.86ms referer=http://localhost:8888/tree
[NotebookApp | WARNING] 404 GET /static/custom/crossfilter.js?v=20171026221555 (::1) 1.95ms referer=http://localhost:8888/tree
[NotebookApp | WARNING] 404 GET /static/custom/d3.js?v=20171026221555 (::1) 2.51ms referer=http://localhost:8888/tree
[NotebookApp | WARNING] 404 GET /clusters?_=1509081357335 (::1) 1.91ms referer=http://localhost:8888/tree
[NotebookApp | WARNING] 404 GET /static/custom/dc.css (::1) 2.01ms referer=http://localhost:8888/notebooks/03_Exercises.ipynb
[NotebookApp | WARNING] Notebook 03_Exercises.ipynb is not trusted
[NotebookApp | INFO] Kernel started: acb458d3-7d68-4d50-898d-29458d835445
[NotebookApp | WARNING] 404 GET /nbextensions/nbpresent/js/nbpresent.min.js?v=20171026221555 (::1) 2.37ms referer=http://localhost:8888/notebooks/03_Exercises.ipynb
[NotebookApp | WARNING] 404 GET /nbextensions/nb_anacondacloud/main.js?v=20171026221555 (::1) 1.99ms referer=http://localhost:8888/notebooks/03_Exercises.ipynb
[NotebookApp | WARNING] 404 GET /nbextensions/nb_conda/main.js?v=20171026221555 (::1) 1.81ms referer=http://localhost:8888/notebooks/03_Exercises.ipynb
[NotebookApp | WARNING] 404 GET /static/custom/jquery.handsontable.full.js?v=20171026221555 (::1) 2.08ms referer=http://localhost:8888/notebooks/03_Exercises.ipynb
[NotebookApp | WARNING] 404 GET /static/custom/crossfilter.js?v=20171026221555 (::1) 2.36ms referer=http://localhost:8888/notebooks/03_Exercises.ipynb
[NotebookApp | WARNING] 404 GET /static/custom/d3.js?v=20171026221555 (::1) 2.24ms referer=http://localhost:8888/notebooks/03_Exercises.ipynb
[NotebookApp | WARNING] 404 GET /static/custom/dc.js?v=20171026221555 (::1) 2.39ms referer=http://localhost:8888/notebooks/03_Exercises.ipynb
[NotebookApp | WARNING] 404 GET /nbextensions/widgets/notebook/js/extension.js?v=20171026221555 (::1) 1.95ms referer=http://localhost:8888/notebooks/03_Exercises.ipynb
[NotebookApp | WARNING] 404 GET /static/custom/dc.css (::1) 1.91ms referer=http://localhost:8888/notebooks/02_Weather%20Analysis.ipynb
[NotebookApp | WARNING] 404 GET /nbextensions/nbpresent/js/nbpresent.min.js?v=20171026221555 (::1) 1.68ms referer=http://localhost:8888/notebooks/02_Weather%20Analysis.ipynb
[NotebookApp | WARNING] 404 GET /nbextensions/nb_anacondacloud/main.js?v=20171026221555 (::1) 1.51ms referer=http://localhost:8888/notebooks/02_Weather%20Analysis.ipynb
[NotebookApp | WARNING] 404 GET /nbextensions/nb_conda/main.js?v=20171026221555 (::1) 1.77ms referer=http://localhost:8888/notebooks/02_Weather%20Analysis.ipynb
[NotebookApp | WARNING] 404 GET /static/custom/jquery.handsontable.full.js?v=20171026221555 (::1) 1.69ms referer=http://localhost:8888/notebooks/02_Weather%20Analysis.ipynb
[NotebookApp | WARNING] 404 GET /static/custom/dc.js?v=20171026221555 (::1) 1.66ms referer=http://localhost:8888/notebooks/02_Weather%20Analysis.ipynb
[NotebookApp | WARNING] 404 GET /static/custom/d3.js?v=20171026221555 (::1) 1.81ms referer=http://localhost:8888/notebooks/02_Weather%20Analysis.ipynb
[NotebookApp | WARNING] 404 GET /static/custom/crossfilter.js?v=20171026221555 (::1) 2.01ms referer=http://localhost:8888/notebooks/02_Weather%20Analysis.ipynb
[NotebookApp | WARNING] 404 GET /nbextensions/widgets/notebook/js/extension.js?v=20171026221555 (::1) 1.80ms referer=http://localhost:8888/notebooks/02_Weather%20Analysis.ipynb
[NotebookApp | INFO] Kernel started: 31e7433c-af29-4b2d-ad61-e4c9ade51ffd
[NotebookApp | INFO] interrupted
[NotebookApp | INFO] interrupted
[NotebookApp | CRITICAL] received signal 2, stopping
[NotebookApp | INFO] Shutting down kernels
[NotebookApp | INFO] Kernel shutdown: acb458d3-7d68-4d50-898d-29458d835445
[NotebookApp | INFO] Kernel shutdown: 31e7433c-af29-4b2d-ad61-e4c9ade51ffd
[LabApp | WARNING] No nbgrader_config.py file found (rerun with --debug to see where nbgrader is looking)
[LabApp | INFO] Loading the validate_assignment nbgrader serverextension
[LabApp | WARNING] JupyterLab server extension not enabled, manually loading...
[LabApp | INFO] JupyterLab alpha preview extension loaded from /Users/yoavfreund/anaconda2/lib/python2.7/site-packages/jupyterlab
[LabApp | INFO] Serving notebooks from local directory: /Users/yoavfreund/academic.papers/Courses/DSE200/DSE200-notebooks/day_3_models_and_learning
[LabApp | INFO] 0 active kernels 
[LabApp | INFO] The Jupyter Notebook is running at: http://localhost:8888/?token=0185fef995de13e4595bc91cdbde8ddb99c4125d310dc16b
[LabApp | INFO] Use Control-C to stop this server and shut down all kernels (twice to skip confirmation).
[LabApp | CRITICAL] 
    
    Copy/paste this URL into your browser when you connect for the first time,
    to login with a token:
        http://localhost:8888/?token=0185fef995de13e4595bc91cdbde8ddb99c4125d310dc16b
[LabApp | INFO] Accepting one-time-token-authenticated connection from ::1
[LabApp | INFO] Creating new notebook in /
[LabApp | INFO] Kernel started: f635c599-62b9-465d-97e3-55237c985d71
[LabApp | INFO] Kernel started: eb2bfdac-e7d6-43a6-990c-bb7ac9b4980c
[LabApp | INFO] Saving file at /Maps.ipynb
[LabApp | INFO] Saving file at /02_Weather Analysis.ipynb
[LabApp | INFO] Saving file at /02_Weather Analysis.ipynb
[LabApp | INFO] Saving file at /02_Weather Analysis.ipynb
[LabApp | INFO] Saving file at /Maps.ipynb
[LabApp | INFO] Saving file at /02_Weather Analysis.ipynb
[LabApp | INFO] Saving file at /Maps.ipynb
[LabApp | INFO] Saving file at /02_Weather Analysis.ipynb
[LabApp | WARNING] 404 GET /static/components/MathJax/jax/element/mml/optable/GreekAndCoptic.js?rev=2.6.0 (::1) 33.21ms referer=http://localhost:8888/lab
[LabApp | INFO] Saving file at /Maps.ipynb
[LabApp | INFO] Saving file at /02_Weather Analysis.ipynb
[LabApp | INFO] Saving file at /02_Weather Analysis.ipynb
[LabApp | INFO] Saving file at /Maps.ipynb
[LabApp | INFO] Saving file at /Maps.ipynb
[LabApp | INFO] Saving file at /02_Weather Analysis.ipynb
[LabApp | WARNING] /Users/yoavfreund/academic.papers/Courses/DSE200/DSE200-notebooks/day_3_models_and_learning/Dout.pkl is not UTF-8 encoded
[LabApp | WARNING] 400 GET /api/contents/Dout.pkl?format=text&type=file&content=1&1509082454908 (::1) 9.71ms referer=http://localhost:8888/lab
[LabApp | WARNING] delete /Dout.pkl
[LabApp | WARNING] delete /test.pkl
[LabApp | INFO] Saving file at /02_Weather Analysis.ipynb
[LabApp | INFO] Saving file at /Maps.ipynb
[NotebookApp | WARNING] No nbgrader_config.py file found (rerun with --debug to see where nbgrader is looking)
[NotebookApp | INFO] Loading the validate_assignment nbgrader serverextension
[NotebookApp | INFO] Serving notebooks from local directory: /Users/yoavfreund/academic.papers/Courses/DSE200/DSE200-notebooks/day_3_models_and_learning
[NotebookApp | INFO] 0 active kernels 
[NotebookApp | INFO] The Jupyter Notebook is running at: http://localhost:8889/?token=91a1ad79d80186e2060fbd2c66f1e0301480339252b7a3d5
[NotebookApp | INFO] Use Control-C to stop this server and shut down all kernels (twice to skip confirmation).
[NotebookApp | CRITICAL] 
    
    Copy/paste this URL into your browser when you connect for the first time,
    to login with a token:
        http://localhost:8889/?token=91a1ad79d80186e2060fbd2c66f1e0301480339252b7a3d5
[NotebookApp | INFO] Accepting one-time-token-authenticated connection from ::1
[NotebookApp | WARNING] 404 GET /static/custom/dc.css (::1) 13.25ms referer=http://localhost:8889/tree?token=b740b9992b43b99b02bafc5e6c7182c71311714874e0d9f1
[NotebookApp | WARNING] 404 GET /static/custom/jquery.handsontable.full.js?v=20171026223537 (::1) 2.20ms referer=http://localhost:8889/tree
[NotebookApp | WARNING] 404 GET /static/custom/d3.js?v=20171026223537 (::1) 2.50ms referer=http://localhost:8889/tree
[NotebookApp | WARNING] 404 GET /static/custom/crossfilter.js?v=20171026223537 (::1) 2.57ms referer=http://localhost:8889/tree
[NotebookApp | WARNING] 404 GET /static/custom/dc.js?v=20171026223537 (::1) 1.86ms referer=http://localhost:8889/tree
[NotebookApp | WARNING] 404 GET /clusters?_=1509082539051 (::1) 2.42ms referer=http://localhost:8889/tree
[NotebookApp | WARNING] 404 GET /static/custom/dc.css (::1) 1.99ms referer=http://localhost:8889/notebooks/02_Weather%20Analysis.ipynb
[NotebookApp | WARNING] 404 GET /nbextensions/nbpresent/js/nbpresent.min.js?v=20171026223537 (::1) 1.77ms referer=http://localhost:8889/notebooks/02_Weather%20Analysis.ipynb
[NotebookApp | WARNING] 404 GET /nbextensions/nb_anacondacloud/main.js?v=20171026223537 (::1) 1.76ms referer=http://localhost:8889/notebooks/02_Weather%20Analysis.ipynb
[NotebookApp | WARNING] 404 GET /nbextensions/nb_conda/main.js?v=20171026223537 (::1) 2.72ms referer=http://localhost:8889/notebooks/02_Weather%20Analysis.ipynb
[NotebookApp | WARNING] 404 GET /static/custom/jquery.handsontable.full.js?v=20171026223537 (::1) 1.78ms referer=http://localhost:8889/notebooks/02_Weather%20Analysis.ipynb
[NotebookApp | WARNING] 404 GET /static/custom/crossfilter.js?v=20171026223537 (::1) 2.28ms referer=http://localhost:8889/notebooks/02_Weather%20Analysis.ipynb
[NotebookApp | WARNING] 404 GET /static/custom/d3.js?v=20171026223537 (::1) 2.24ms referer=http://localhost:8889/notebooks/02_Weather%20Analysis.ipynb
[NotebookApp | WARNING] 404 GET /static/custom/dc.js?v=20171026223537 (::1) 2.00ms referer=http://localhost:8889/notebooks/02_Weather%20Analysis.ipynb
[NotebookApp | WARNING] 404 GET /nbextensions/widgets/notebook/js/extension.js?v=20171026223537 (::1) 2.00ms referer=http://localhost:8889/notebooks/02_Weather%20Analysis.ipynb
[NotebookApp | INFO] Kernel started: 9c51a584-1a81-46f3-94ac-97101d51745a
[NotebookApp | INFO] Saving file at /02_Weather Analysis.ipynb
[NotebookApp | WARNING] IOPub data rate exceeded.
    The notebook server will temporarily stop sending output
    to the client in order to avoid crashing it.
    To change this limit, set the config variable
    `--NotebookApp.iopub_data_rate_limit`.
[NotebookApp | WARNING] 404 GET /static/custom/dc.css (::1) 1.57ms referer=http://localhost:8889/notebooks/Maps.ipynb
[NotebookApp | INFO] Kernel started: c9840241-e40a-4b2a-93f6-c496674c451d
[NotebookApp | WARNING] 404 GET /nbextensions/nbpresent/js/nbpresent.min.js?v=20171026223537 (::1) 2.05ms referer=http://localhost:8889/notebooks/Maps.ipynb
[NotebookApp | WARNING] 404 GET /nbextensions/nb_anacondacloud/main.js?v=20171026223537 (::1) 2.24ms referer=http://localhost:8889/notebooks/Maps.ipynb
[NotebookApp | WARNING] 404 GET /nbextensions/nb_conda/main.js?v=20171026223537 (::1) 2.59ms referer=http://localhost:8889/notebooks/Maps.ipynb
[NotebookApp | WARNING] 404 GET /static/custom/jquery.handsontable.full.js?v=20171026223537 (::1) 1.69ms referer=http://localhost:8889/notebooks/Maps.ipynb
[NotebookApp | WARNING] 404 GET /static/custom/d3.js?v=20171026223537 (::1) 2.34ms referer=http://localhost:8889/notebooks/Maps.ipynb
[NotebookApp | WARNING] 404 GET /static/custom/crossfilter.js?v=20171026223537 (::1) 2.43ms referer=http://localhost:8889/notebooks/Maps.ipynb
[NotebookApp | WARNING] 404 GET /static/custom/dc.js?v=20171026223537 (::1) 2.59ms referer=http://localhost:8889/notebooks/Maps.ipynb
[NotebookApp | WARNING] 404 GET /nbextensions/widgets/notebook/js/extension.js?v=20171026223537 (::1) 2.16ms referer=http://localhost:8889/notebooks/Maps.ipynb
[NotebookApp | INFO] Saving file at /02_Weather Analysis.ipynb
[NotebookApp | INFO] Saving file at /Maps.ipynb
[NotebookApp | INFO] Saving file at /Maps.ipynb
[NotebookApp | INFO] Saving file at /Maps.ipynb
[NotebookApp | INFO] Saving file at /Maps.ipynb
[NotebookApp | INFO] Saving file at /Maps.ipynb
[NotebookApp | INFO] Saving file at /Maps.ipynb
[LabApp | CRITICAL] received signal 15, stopping
[LabApp | INFO] Shutting down kernels
[LabApp | INFO] Kernel shutdown: eb2bfdac-e7d6-43a6-990c-bb7ac9b4980c
[LabApp | INFO] Kernel shutdown: f635c599-62b9-465d-97e3-55237c985d71
[NotebookApp | WARNING] No nbgrader_config.py file found (rerun with --debug to see where nbgrader is looking)
[NotebookApp | INFO] Loading the validate_assignment nbgrader serverextension
[NotebookApp | INFO] Serving notebooks from local directory: /Users/yoavfreund/academic.papers/Courses/DSE200/DSE200-notebooks/day_3_models_and_learning
[NotebookApp | INFO] 0 active kernels 
[NotebookApp | INFO] The Jupyter Notebook is running at: http://localhost:8888/?token=67553ff89d9613de1df09f550aa77481692efebde469aae6
[NotebookApp | INFO] Use Control-C to stop this server and shut down all kernels (twice to skip confirmation).
[NotebookApp | CRITICAL] 
    
    Copy/paste this URL into your browser when you connect for the first time,
    to login with a token:
        http://localhost:8888/?token=67553ff89d9613de1df09f550aa77481692efebde469aae6
[NotebookApp | INFO] Accepting one-time-token-authenticated connection from ::1
[NotebookApp | WARNING] 404 GET /static/custom/dc.css (::1) 11.21ms referer=http://localhost:8888/tree?token=d357a0a064f7622ca4b69c19a2d0e90b362877ba4f1c58af
[NotebookApp | WARNING] 404 GET /static/custom/jquery.handsontable.full.js?v=20171026225026 (::1) 2.04ms referer=http://localhost:8888/tree
[NotebookApp | WARNING] 404 GET /static/custom/dc.js?v=20171026225026 (::1) 1.66ms referer=http://localhost:8888/tree
[NotebookApp | WARNING] 404 GET /static/custom/crossfilter.js?v=20171026225026 (::1) 1.64ms referer=http://localhost:8888/tree
[NotebookApp | WARNING] 404 GET /static/custom/d3.js?v=20171026225026 (::1) 1.60ms referer=http://localhost:8888/tree
[NotebookApp | WARNING] 404 GET /clusters?_=1509083427745 (::1) 1.94ms referer=http://localhost:8888/tree
[NotebookApp | WARNING] 404 GET /static/custom/dc.css (::1) 1.72ms referer=http://localhost:8888/notebooks/02_Weather%20Analysis.ipynb
[NotebookApp | WARNING] 404 GET /nbextensions/nbpresent/js/nbpresent.min.js?v=20171026225026 (::1) 1.87ms referer=http://localhost:8888/notebooks/02_Weather%20Analysis.ipynb
[NotebookApp | WARNING] 404 GET /nbextensions/nb_conda/main.js?v=20171026225026 (::1) 2.73ms referer=http://localhost:8888/notebooks/02_Weather%20Analysis.ipynb
[NotebookApp | WARNING] 404 GET /nbextensions/nb_anacondacloud/main.js?v=20171026225026 (::1) 2.06ms referer=http://localhost:8888/notebooks/02_Weather%20Analysis.ipynb
[NotebookApp | WARNING] 404 GET /static/custom/jquery.handsontable.full.js?v=20171026225026 (::1) 2.46ms referer=http://localhost:8888/notebooks/02_Weather%20Analysis.ipynb
[NotebookApp | WARNING] 404 GET /static/custom/d3.js?v=20171026225026 (::1) 2.04ms referer=http://localhost:8888/notebooks/02_Weather%20Analysis.ipynb
[NotebookApp | WARNING] 404 GET /static/custom/crossfilter.js?v=20171026225026 (::1) 2.50ms referer=http://localhost:8888/notebooks/02_Weather%20Analysis.ipynb
[NotebookApp | WARNING] 404 GET /static/custom/dc.js?v=20171026225026 (::1) 1.88ms referer=http://localhost:8888/notebooks/02_Weather%20Analysis.ipynb
[NotebookApp | WARNING] 404 GET /nbextensions/widgets/notebook/js/extension.js?v=20171026225026 (::1) 1.92ms referer=http://localhost:8888/notebooks/02_Weather%20Analysis.ipynb
[NotebookApp | INFO] Kernel started: 607df612-396b-4b48-aa72-055c0e7bc010
[NotebookApp | INFO] Saving file at /02_Weather Analysis.ipynb
[NotebookApp | INFO] Saving file at /02_Weather Analysis.ipynb
[NotebookApp | INFO] Saving file at /02_Weather Analysis.ipynb
[NotebookApp | INFO] Saving file at /02_Weather Analysis.ipynb
[NotebookApp | INFO] Saving file at /02_Weather Analysis.ipynb
[NotebookApp | INFO] Saving file at /02_Weather Analysis.ipynb
[NotebookApp | INFO] Saving file at /02_Weather Analysis.ipynb
[NotebookApp | INFO] Saving file at /02_Weather Analysis.ipynb
[NotebookApp | INFO] Saving file at /02_Weather Analysis.ipynb
[NotebookApp | INFO] Saving file at /02_Weather Analysis.ipynb
[NotebookApp | INFO] Saving file at /02_Weather Analysis.ipynb
[NotebookApp | INFO] Saving file at /02_Weather Analysis.ipynb
[NotebookApp | INFO] Saving file at /02_Weather Analysis.ipynb
[NotebookApp | INFO] Saving file at /02_Weather Analysis.ipynb
[NotebookApp | INFO] Saving file at /02_Weather Analysis.ipynb
[NotebookApp | INFO] Saving file at /02_Weather Analysis.ipynb
[NotebookApp | CRITICAL] received signal 15, stopping
[NotebookApp | CRITICAL] received signal 15, stopping
[NotebookApp | INFO] Shutting down kernels
[NotebookApp | INFO] Shutting down kernels
[NotebookApp | INFO] Kernel shutdown: c9840241-e40a-4b2a-93f6-c496674c451d
[NotebookApp | INFO] Kernel shutdown: 9c51a584-1a81-46f3-94ac-97101d51745a
[NotebookApp | INFO] Kernel shutdown: 607df612-396b-4b48-aa72-055c0e7bc010
[NotebookApp | WARNING] No nbgrader_config.py file found (rerun with --debug to see where nbgrader is looking)
[NotebookApp | INFO] Loading the validate_assignment nbgrader serverextension
[NotebookApp | INFO] Serving notebooks from local directory: /Users/yoavfreund/academic.papers/Courses/DSE200/DSE200-notebooks/day_3_models_and_learning
[NotebookApp | INFO] 0 active kernels 
[NotebookApp | INFO] The Jupyter Notebook is running at: http://localhost:8888/?token=3ec722e93fd10e756b87e3c5a5cbf8e7de21d07e923b8677
[NotebookApp | INFO] Use Control-C to stop this server and shut down all kernels (twice to skip confirmation).
[NotebookApp | CRITICAL] 
    
    Copy/paste this URL into your browser when you connect for the first time,
    to login with a token:
        http://localhost:8888/?token=3ec722e93fd10e756b87e3c5a5cbf8e7de21d07e923b8677
[NotebookApp | INFO] Accepting one-time-token-authenticated connection from ::1
[NotebookApp | WARNING] 404 GET /static/custom/dc.css (::1) 16.53ms referer=http://localhost:8888/tree?token=c0107eb72ab678d6b8c0a0e630152f912372f2dae7ae0f39
[NotebookApp | WARNING] 404 GET /static/custom/jquery.handsontable.full.js?v=20171026232434 (::1) 2.29ms referer=http://localhost:8888/tree
[NotebookApp | WARNING] 404 GET /static/custom/crossfilter.js?v=20171026232434 (::1) 1.62ms referer=http://localhost:8888/tree
[NotebookApp | WARNING] 404 GET /static/custom/d3.js?v=20171026232434 (::1) 2.40ms referer=http://localhost:8888/tree
[NotebookApp | WARNING] 404 GET /static/custom/dc.js?v=20171026232434 (::1) 2.14ms referer=http://localhost:8888/tree
[NotebookApp | WARNING] 404 GET /clusters?_=1509085477707 (::1) 1.80ms referer=http://localhost:8888/tree
[NotebookApp | WARNING] 404 GET /static/custom/dc.css (::1) 1.77ms referer=http://localhost:8888/notebooks/02_Weather%20Analysis.ipynb
[NotebookApp | WARNING] 404 GET /nbextensions/nbpresent/js/nbpresent.min.js?v=20171026232434 (::1) 1.82ms referer=http://localhost:8888/notebooks/02_Weather%20Analysis.ipynb
[NotebookApp | WARNING] 404 GET /nbextensions/nb_anacondacloud/main.js?v=20171026232434 (::1) 2.29ms referer=http://localhost:8888/notebooks/02_Weather%20Analysis.ipynb
[NotebookApp | WARNING] 404 GET /nbextensions/nb_conda/main.js?v=20171026232434 (::1) 2.09ms referer=http://localhost:8888/notebooks/02_Weather%20Analysis.ipynb
[NotebookApp | WARNING] 404 GET /static/custom/jquery.handsontable.full.js?v=20171026232434 (::1) 2.12ms referer=http://localhost:8888/notebooks/02_Weather%20Analysis.ipynb
[NotebookApp | WARNING] 404 GET /static/custom/crossfilter.js?v=20171026232434 (::1) 1.73ms referer=http://localhost:8888/notebooks/02_Weather%20Analysis.ipynb
[NotebookApp | WARNING] 404 GET /static/custom/d3.js?v=20171026232434 (::1) 2.17ms referer=http://localhost:8888/notebooks/02_Weather%20Analysis.ipynb
[NotebookApp | WARNING] 404 GET /static/custom/dc.js?v=20171026232434 (::1) 2.13ms referer=http://localhost:8888/notebooks/02_Weather%20Analysis.ipynb
[NotebookApp | WARNING] 404 GET /nbextensions/widgets/notebook/js/extension.js?v=20171026232434 (::1) 1.75ms referer=http://localhost:8888/notebooks/02_Weather%20Analysis.ipynb
[NotebookApp | INFO] Kernel started: a02ddcf7-fef1-4822-92a5-b1c4c9410b49
[NotebookApp | INFO] Saving file at /02_Weather Analysis.ipynb
[NotebookApp | WARNING] 404 GET /static/custom/dc.css (::1) 1.60ms referer=http://localhost:8888/notebooks/03_Maps.ipynb
[NotebookApp | INFO] Kernel started: 8decec30-1efd-41e5-b5b7-4460684c30cd
[NotebookApp | WARNING] 404 GET /nbextensions/nb_conda/main.js?v=20171026232434 (::1) 2.45ms referer=http://localhost:8888/notebooks/03_Maps.ipynb
[NotebookApp | WARNING] 404 GET /nbextensions/nbpresent/js/nbpresent.min.js?v=20171026232434 (::1) 2.80ms referer=http://localhost:8888/notebooks/03_Maps.ipynb
[NotebookApp | WARNING] 404 GET /nbextensions/nb_anacondacloud/main.js?v=20171026232434 (::1) 2.74ms referer=http://localhost:8888/notebooks/03_Maps.ipynb
[NotebookApp | WARNING] 404 GET /static/custom/jquery.handsontable.full.js?v=20171026232434 (::1) 2.21ms referer=http://localhost:8888/notebooks/03_Maps.ipynb
[NotebookApp | WARNING] 404 GET /static/custom/dc.js?v=20171026232434 (::1) 2.11ms referer=http://localhost:8888/notebooks/03_Maps.ipynb
[NotebookApp | WARNING] 404 GET /static/custom/d3.js?v=20171026232434 (::1) 2.46ms referer=http://localhost:8888/notebooks/03_Maps.ipynb
[NotebookApp | WARNING] 404 GET /static/custom/crossfilter.js?v=20171026232434 (::1) 2.18ms referer=http://localhost:8888/notebooks/03_Maps.ipynb
[NotebookApp | WARNING] 404 GET /nbextensions/widgets/notebook/js/extension.js?v=20171026232434 (::1) 2.05ms referer=http://localhost:8888/notebooks/03_Maps.ipynb
[NotebookApp | INFO] Saving file at /03_Maps.ipynb
